<testng-results>
  <reporter-output>
  </reporter-output>
  <suite name="Custom suite">
    <groups>
    </groups>
    <test name="Globus-Security">
      <class name="org.globus.security.provider.TestPEMFileBasedKeyStore">
        <test-method status="PASS" signature="setUp()" name="setUp" is-config="true" duration-ms="620" started-at="2010-01-04T16:34:27Z" finished-at="2010-01-04T16:34:28Z">
        </test-method>
        <test-method status="PASS" signature="testParameterLoad()" name="testParameterLoad" duration-ms="137" started-at="2010-01-04T16:34:28Z" finished-at="2010-01-04T16:34:28Z">
        </test-method>
        <test-method status="PASS" signature="tearDown()" name="tearDown" is-config="true" duration-ms="11" started-at="2010-01-04T16:34:28Z" finished-at="2010-01-04T16:34:28Z">
        </test-method>
      </class>
    </test>
  </suite>
</testng-results>
